c:\users\dasha\desktop\my games\dashpicbox\x64\debug\dashpicbox.pch
c:\users\dasha\desktop\my games\dashpicbox\x64\debug\vc143.pdb
c:\users\dasha\desktop\my games\dashpicbox\x64\debug\pch.obj
c:\users\dasha\desktop\my games\dashpicbox\x64\debug\dashpicboxl.obj
c:\users\dasha\desktop\my games\dashpicbox\x64\debug\dashpicbox.obj
c:\users\dasha\desktop\my games\dashpicbox\x64\debug\assemblyinfo.obj
c:\users\dasha\desktop\my games\dashpicbox\x64\debug\.netframework,version=v4.7.2.assemblyattributes.obj
c:\users\dasha\desktop\my games\dashboard\x64\debug\dashpicbox.dll
c:\users\dasha\desktop\my games\dashboard\x64\debug\dashpicbox.pdb
c:\users\dasha\desktop\my games\dashpicbox\x64\debug\app.res
c:\users\dasha\desktop\my games\dashpicbox\x64\debug\dashpicbox.tlog\cl.command.1.tlog
c:\users\dasha\desktop\my games\dashpicbox\x64\debug\dashpicbox.tlog\cl.items.tlog
c:\users\dasha\desktop\my games\dashpicbox\x64\debug\dashpicbox.tlog\cl.read.1.tlog
c:\users\dasha\desktop\my games\dashpicbox\x64\debug\dashpicbox.tlog\cl.write.1.tlog
c:\users\dasha\desktop\my games\dashpicbox\x64\debug\dashpicbox.tlog\link.command.1.tlog
c:\users\dasha\desktop\my games\dashpicbox\x64\debug\dashpicbox.tlog\link.read.1.tlog
c:\users\dasha\desktop\my games\dashpicbox\x64\debug\dashpicbox.tlog\link.secondary.1.tlog
c:\users\dasha\desktop\my games\dashpicbox\x64\debug\dashpicbox.tlog\link.write.1.tlog
c:\users\dasha\desktop\my games\dashpicbox\x64\debug\dashpicbox.tlog\metagen.read.1.tlog
c:\users\dasha\desktop\my games\dashpicbox\x64\debug\dashpicbox.tlog\metagen.write.1.tlog
c:\users\dasha\desktop\my games\dashpicbox\x64\debug\dashpicbox.tlog\rc.command.1.tlog
c:\users\dasha\desktop\my games\dashpicbox\x64\debug\dashpicbox.tlog\rc.read.1.tlog
c:\users\dasha\desktop\my games\dashpicbox\x64\debug\dashpicbox.tlog\rc.write.1.tlog
c:\users\dasha\desktop\my games\dashpicbox\x64\debug\dashpicbox.tlog\resgen.command.1.tlog
c:\users\dasha\desktop\my games\dashpicbox\x64\debug\dashpicbox.tlog\resgen.read.1.tlog
c:\users\dasha\desktop\my games\dashpicbox\x64\debug\dashpicbox.tlog\resgen.write.1.tlog
